  [1m[35m (0.0ms)[0m  [1m[34mSELECT sqlite_version(*)[0m
  [1m[35m (9.0ms)[0m  [1m[35mCREATE TABLE "schema_migrations" ("version" varchar NOT NULL PRIMARY KEY)[0m
  [1m[35m (9.0ms)[0m  [1m[35mCREATE TABLE "ar_internal_metadata" ("key" varchar NOT NULL PRIMARY KEY, "value" varchar, "created_at" datetime NOT NULL, "updated_at" datetime NOT NULL)[0m
  [1m[35m (1.0ms)[0m  [1m[34mSELECT "schema_migrations"."version" FROM "schema_migrations" ORDER BY "schema_migrations"."version" ASC[0m
Migrating to CreateBooks (20190520150304)
  [1m[35m (0.0ms)[0m  [1m[36mbegin transaction[0m
  [1m[35m (2.0ms)[0m  [1m[35mCREATE TABLE "books" ("id" INTEGER PRIMARY KEY AUTOINCREMENT NOT NULL, "title" varchar, "memo" text, "created_at" datetime NOT NULL, "updated_at" datetime NOT NULL)[0m
  [1m[35mSQL (0.0ms)[0m  [1m[32mINSERT INTO "schema_migrations" ("version") VALUES (?)[0m  [["version", "20190520150304"]]
  [1m[35m (9.0ms)[0m  [1m[36mcommit transaction[0m
  [1m[36mActiveRecord::InternalMetadata Load (1.0ms)[0m  [1m[34mSELECT  "ar_internal_metadata".* FROM "ar_internal_metadata" WHERE "ar_internal_metadata"."key" = ? LIMIT ?[0m  [["key", "environment"], ["LIMIT", 1]]
  [1m[35m (0.0ms)[0m  [1m[36mbegin transaction[0m
  [1m[35mSQL (2.0ms)[0m  [1m[32mINSERT INTO "ar_internal_metadata" ("key", "value", "created_at", "updated_at") VALUES (?, ?, ?, ?)[0m  [["key", "environment"], ["value", "development"], ["created_at", "2019-05-20 15:03:15.359600"], ["updated_at", "2019-05-20 15:03:15.359600"]]
  [1m[35m (9.0ms)[0m  [1m[36mcommit transaction[0m
  [1m[35m (0.0ms)[0m  [1m[34mSELECT "schema_migrations"."version" FROM "schema_migrations" ORDER BY "schema_migrations"."version" ASC[0m
Started GET "/books" for ::1 at 2019-05-21 00:03:33 +0900
  [1m[35m (0.0ms)[0m  [1m[34mSELECT "schema_migrations"."version" FROM "schema_migrations" ORDER BY "schema_migrations"."version" ASC[0m
Processing by BooksController#index as HTML
  Rendering books/index.html.erb within layouts/application
  [1m[36mBook Load (0.0ms)[0m  [1m[34mSELECT "books".* FROM "books"[0m
  Rendered books/index.html.erb within layouts/application (13.0ms)
Completed 200 OK in 1403ms (Views: 1362.5ms | ActiveRecord: 1.0ms)


Started GET "/books" for ::1 at 2019-05-21 00:03:46 +0900
Processing by BooksController#index as HTML
  Rendering books/index.html.erb within layouts/application
  [1m[36mBook Load (0.0ms)[0m  [1m[34mSELECT "books".* FROM "books"[0m
  Rendered books/index.html.erb within layouts/application (3.0ms)
Completed 200 OK in 142ms (Views: 120.8ms | ActiveRecord: 0.0ms)


Started GET "/books/new" for ::1 at 2019-05-21 00:03:49 +0900
Processing by BooksController#new as HTML
  Rendering books/new.html.erb within layouts/application
  Rendered books/_form.html.erb (96.7ms)
  Rendered books/new.html.erb within layouts/application (116.7ms)
Completed 200 OK in 260ms (Views: 223.8ms | ActiveRecord: 1.0ms)


Started POST "/books" for ::1 at 2019-05-21 00:03:55 +0900
Processing by BooksController#create as HTML
  Parameters: {"utf8"=>"âœ“", "authenticity_token"=>"+az2bdpU4JSYTKk14NBcsLi2Tu43zuQtwUdAoNOXNXY3GGeVYLEsxafKKlSbkVJx6MaJ43+yKFXYyYj+RmhHEA==", "book"=>{"title"=>"ã‚", "memo"=>"ãƒ†ã‚¹ãƒˆ"}, "commit"=>"Create Book"}
  [1m[35m (0.0ms)[0m  [1m[36mbegin transaction[0m
  [1m[35mSQL (2.0ms)[0m  [1m[32mINSERT INTO "books" ("title", "memo", "created_at", "updated_at") VALUES (?, ?, ?, ?)[0m  [["title", "ã‚"], ["memo", "ãƒ†ã‚¹ãƒˆ"], ["created_at", "2019-05-20 15:03:55.788672"], ["updated_at", "2019-05-20 15:03:55.788672"]]
  [1m[35m (9.0ms)[0m  [1m[36mcommit transaction[0m
Redirected to http://localhost:3000/books/1
Completed 302 Found in 20ms (ActiveRecord: 11.0ms)


Started GET "/books/1" for ::1 at 2019-05-21 00:03:55 +0900
Processing by BooksController#show as HTML
  Parameters: {"id"=>"1"}
  [1m[36mBook Load (1.0ms)[0m  [1m[34mSELECT  "books".* FROM "books" WHERE "books"."id" = ? LIMIT ?[0m  [["id", 1], ["LIMIT", 1]]
  Rendering books/show.html.erb within layouts/application
  Rendered books/show.html.erb within layouts/application (1.0ms)
Completed 200 OK in 139ms (Views: 96.6ms | ActiveRecord: 1.0ms)


Started GET "/books/1/edit" for ::1 at 2019-05-21 00:04:40 +0900
Processing by BooksController#edit as HTML
  Parameters: {"id"=>"1"}
  [1m[36mBook Load (0.0ms)[0m  [1m[34mSELECT  "books".* FROM "books" WHERE "books"."id" = ? LIMIT ?[0m  [["id", 1], ["LIMIT", 1]]
  Rendering books/edit.html.erb within layouts/application
  Rendered books/_form.html.erb (3.0ms)
  Rendered books/edit.html.erb within layouts/application (22.9ms)
Completed 200 OK in 148ms (Views: 121.5ms | ActiveRecord: 0.0ms)


Started GET "/books" for ::1 at 2019-05-21 00:04:50 +0900
Processing by BooksController#index as HTML
  Rendering books/index.html.erb within layouts/application
  [1m[36mBook Load (1.0ms)[0m  [1m[34mSELECT "books".* FROM "books"[0m
  Rendered books/index.html.erb within layouts/application (5.0ms)
Completed 200 OK in 122ms (Views: 102.1ms | ActiveRecord: 1.0ms)


Started GET "/rails/info/routes" for ::1 at 2019-05-21 00:05:32 +0900
Processing by Rails::InfoController#routes as HTML
  Rendering C:/Ruby/Ruby23/lib/ruby/gems/2.3.0/gems/railties-5.1.7/lib/rails/templates/rails/info/routes.html.erb within layouts/application
  Rendered collection of C:/Ruby/Ruby23/lib/ruby/gems/2.3.0/gems/actionpack-5.1.7/lib/action_dispatch/middleware/templates/routes/_route.html.erb [8 times] (2.0ms)
  Rendered C:/Ruby/Ruby23/lib/ruby/gems/2.3.0/gems/actionpack-5.1.7/lib/action_dispatch/middleware/templates/routes/_table.html.erb (6.0ms)
  Rendered C:/Ruby/Ruby23/lib/ruby/gems/2.3.0/gems/railties-5.1.7/lib/rails/templates/rails/info/routes.html.erb within layouts/application (98.7ms)
Completed 200 OK in 284ms (Views: 213.0ms | ActiveRecord: 0.0ms)


  [1m[35m (0.0ms)[0m  [1m[34mSELECT "schema_migrations"."version" FROM "schema_migrations" ORDER BY "schema_migrations"."version" ASC[0m
Migrating to AddPictureToBooks (20190520152012)
  [1m[35m (0.0ms)[0m  [1m[36mbegin transaction[0m
  [1m[35m (4.0ms)[0m  [1m[35mALTER TABLE "books" ADD "picture" varchar[0m
  [1m[35mSQL (0.0ms)[0m  [1m[32mINSERT INTO "schema_migrations" ("version") VALUES (?)[0m  [["version", "20190520152012"]]
  [1m[35m (9.0ms)[0m  [1m[36mcommit transaction[0m
  [1m[36mActiveRecord::InternalMetadata Load (0.0ms)[0m  [1m[34mSELECT  "ar_internal_metadata".* FROM "ar_internal_metadata" WHERE "ar_internal_metadata"."key" = ? LIMIT ?[0m  [["key", "environment"], ["LIMIT", 1]]
  [1m[35m (0.0ms)[0m  [1m[36mbegin transaction[0m
  [1m[35m (0.0ms)[0m  [1m[36mcommit transaction[0m
  [1m[35m (0.0ms)[0m  [1m[34mSELECT "schema_migrations"."version" FROM "schema_migrations" ORDER BY "schema_migrations"."version" ASC[0m
Started GET "/books" for ::1 at 2019-05-21 00:32:25 +0900
  [1m[35m (1.0ms)[0m  [1m[34mSELECT "schema_migrations"."version" FROM "schema_migrations" ORDER BY "schema_migrations"."version" ASC[0m
Processing by BooksController#index as HTML
Completed 500 Internal Server Error in 20ms (ActiveRecord: 0.0ms)


  
NameError (uninitialized constant Book::PictureUploade):
  
app/models/book.rb:2:in `<class:Book>'
app/models/book.rb:1:in `<top (required)>'
app/controllers/books_controller.rb:7:in `index'
Started GET "/books" for ::1 at 2019-05-21 00:33:48 +0900
  [1m[35m (0.0ms)[0m  [1m[34mSELECT "schema_migrations"."version" FROM "schema_migrations" ORDER BY "schema_migrations"."version" ASC[0m
Processing by BooksController#index as HTML
  Rendering books/index.html.erb within layouts/application
  [1m[36mBook Load (0.0ms)[0m  [1m[34mSELECT "books".* FROM "books"[0m
  Rendered books/index.html.erb within layouts/application (19.6ms)
Completed 200 OK in 385ms (Views: 334.6ms | ActiveRecord: 2.0ms)


Started GET "/books/new" for ::1 at 2019-05-21 00:34:06 +0900
Processing by BooksController#new as HTML
  Rendering books/new.html.erb within layouts/application
  Rendered books/_form.html.erb (36.9ms)
  Rendered books/new.html.erb within layouts/application (74.8ms)
Completed 200 OK in 240ms (Views: 216.9ms | ActiveRecord: 0.0ms)


Started POST "/books" for ::1 at 2019-05-21 00:34:35 +0900
Processing by BooksController#create as HTML
  Parameters: {"utf8"=>"âœ“", "authenticity_token"=>"cqYa4idKLQw10oWKblbDz9h6V+ZVnouOe38qZpTxREi8Eosana/hXQpUBusVF80OiAqQ6x3iR/Zi8eI4AQ42Lg==", "book"=>{"title"=>"", "memo"=>"", "picture"=>#<ActionDispatch::Http::UploadedFile:0x6a99188 @tempfile=#<Tempfile:C:/Users/cocoa/AppData/Local/Temp/RackMultipart20190521-19548-zrxi8d.png>, @original_filename="D5zYr9KUUAMPw1I.png", @content_type="image/png", @headers="Content-Disposition: form-data; name=\"book[picture]\"; filename=\"D5zYr9KUUAMPw1I.png\"\r\nContent-Type: image/png\r\n">}, "commit"=>"Create Book"}
Unpermitted parameter: :picture
  [1m[35m (0.0ms)[0m  [1m[36mbegin transaction[0m
  [1m[35mSQL (1.0ms)[0m  [1m[32mINSERT INTO "books" ("title", "memo", "created_at", "updated_at", "picture") VALUES (?, ?, ?, ?, ?)[0m  [["title", ""], ["memo", ""], ["created_at", "2019-05-20 15:34:35.532447"], ["updated_at", "2019-05-20 15:34:35.532447"], ["picture", "#<ActionDispatch::Http::UploadedFile:0x6a99188>"]]
  [1m[35m (10.0ms)[0m  [1m[36mcommit transaction[0m
Redirected to http://localhost:3000/books/2
Completed 302 Found in 20ms (ActiveRecord: 11.0ms)


Started GET "/books/2" for ::1 at 2019-05-21 00:34:35 +0900
Processing by BooksController#show as HTML
  Parameters: {"id"=>"2"}
  [1m[36mBook Load (0.0ms)[0m  [1m[34mSELECT  "books".* FROM "books" WHERE "books"."id" = ? LIMIT ?[0m  [["id", 2], ["LIMIT", 1]]
  Rendering books/show.html.erb within layouts/application
  Rendered books/show.html.erb within layouts/application (27.9ms)
Completed 500 Internal Server Error in 124ms (ActiveRecord: 0.0ms)


  
ActionView::Template::Error (undefined method `picture_url' for #<Book:0x688fb90>
Did you mean?  picture
               picture=
               picture?
               picture_was):
    12: 
    13: <p>
    14:  <strong>Picture:</strong>
    15:  <%= image_tag(@book.picture_url) if @book.picture.present? %>
    16:  </p>
    17: 
    18: <%= link_to 'Edit', edit_book_path(@book) %> |
  
app/views/books/show.html.erb:15:in `_app_views_books_show_html_erb___1008439381_54816264'
Started POST "/books" for ::1 at 2019-05-21 00:34:49 +0900
Processing by BooksController#create as HTML
  Parameters: {"utf8"=>"âœ“", "authenticity_token"=>"jz5XY1lKQyahOVNlshrr+X6i1IWQdh4ID5jh4F0EvG+HwcBGD9qyd6kPVKrv7coOPcYBplM8yCYrwH8gabxutg==", "book"=>{"title"=>"a", "memo"=>"a", "picture"=>#<ActionDispatch::Http::UploadedFile:0xad2e450 @tempfile=#<Tempfile:C:/Users/cocoa/AppData/Local/Temp/RackMultipart20190521-19548-1uqle5.png>, @original_filename="D5zYr9KUUAMPw1I.png", @content_type="image/png", @headers="Content-Disposition: form-data; name=\"book[picture]\"; filename=\"D5zYr9KUUAMPw1I.png\"\r\nContent-Type: image/png\r\n">}, "commit"=>"Create Book"}
Unpermitted parameter: :picture
  [1m[35m (0.0ms)[0m  [1m[36mbegin transaction[0m
  [1m[35mSQL (1.0ms)[0m  [1m[32mINSERT INTO "books" ("title", "memo", "created_at", "updated_at", "picture") VALUES (?, ?, ?, ?, ?)[0m  [["title", "a"], ["memo", "a"], ["created_at", "2019-05-20 15:34:49.676416"], ["updated_at", "2019-05-20 15:34:49.676416"], ["picture", "#<ActionDispatch::Http::UploadedFile:0xad2e450>"]]
  [1m[35m (8.0ms)[0m  [1m[36mcommit transaction[0m
Redirected to http://localhost:3000/books/3
Completed 302 Found in 18ms (ActiveRecord: 9.0ms)


Started GET "/books/3" for ::1 at 2019-05-21 00:34:49 +0900
Processing by BooksController#show as HTML
  Parameters: {"id"=>"3"}
  [1m[36mBook Load (0.0ms)[0m  [1m[34mSELECT  "books".* FROM "books" WHERE "books"."id" = ? LIMIT ?[0m  [["id", 3], ["LIMIT", 1]]
  Rendering books/show.html.erb within layouts/application
  Rendered books/show.html.erb within layouts/application (25.9ms)
Completed 500 Internal Server Error in 106ms (ActiveRecord: 0.0ms)


  
ActionView::Template::Error (undefined method `picture_url' for #<Book:0xad49528>
Did you mean?  picture
               picture=
               picture?
               picture_was):
    12: 
    13: <p>
    14:  <strong>Picture:</strong>
    15:  <%= image_tag(@book.picture_url) if @book.picture.present? %>
    16:  </p>
    17: 
    18: <%= link_to 'Edit', edit_book_path(@book) %> |
  
app/views/books/show.html.erb:15:in `_app_views_books_show_html_erb___1008439381_90850428'
Started GET "/books" for ::1 at 2019-05-21 00:36:31 +0900
  [1m[35m (0.0ms)[0m  [1m[34mSELECT "schema_migrations"."version" FROM "schema_migrations" ORDER BY "schema_migrations"."version" ASC[0m
Processing by BooksController#index as HTML
  Rendering books/index.html.erb within layouts/application
  [1m[36mBook Load (0.0ms)[0m  [1m[34mSELECT "books".* FROM "books"[0m
  Rendered books/index.html.erb within layouts/application (16.0ms)
Completed 200 OK in 320ms (Views: 283.3ms | ActiveRecord: 1.0ms)


Started DELETE "/books/3" for ::1 at 2019-05-21 00:36:46 +0900
Processing by BooksController#destroy as HTML
  Parameters: {"authenticity_token"=>"F1trXhZC02hQNRljPQG/txzowsHN1PO3TSbjsoRr6k0fpPx7QNIiOVgDHqxg9p5AX4wX4g6eJZlpfn1ysNM4lA==", "id"=>"3"}
  [1m[36mBook Load (0.0ms)[0m  [1m[34mSELECT  "books".* FROM "books" WHERE "books"."id" = ? LIMIT ?[0m  [["id", 3], ["LIMIT", 1]]
  [1m[35m (0.0ms)[0m  [1m[36mbegin transaction[0m
  [1m[35mSQL (2.0ms)[0m  [1m[31mDELETE FROM "books" WHERE "books"."id" = ?[0m  [["id", 3]]
  [1m[35m (11.0ms)[0m  [1m[36mcommit transaction[0m
Redirected to http://localhost:3000/books
Completed 302 Found in 27ms (ActiveRecord: 13.0ms)


Started GET "/books" for ::1 at 2019-05-21 00:36:46 +0900
Processing by BooksController#index as HTML
  Rendering books/index.html.erb within layouts/application
  [1m[36mBook Load (0.0ms)[0m  [1m[34mSELECT "books".* FROM "books"[0m
  Rendered books/index.html.erb within layouts/application (3.0ms)
Completed 200 OK in 166ms (Views: 140.0ms | ActiveRecord: 0.0ms)


Started DELETE "/books/2" for ::1 at 2019-05-21 00:36:48 +0900
Processing by BooksController#destroy as HTML
  Parameters: {"authenticity_token"=>"zVAc6dtyPkUV2rW4FZYZ41RdysuBysuACahOBPrsA+/Fr4vMjeLPFB3ssndIYTgUFzkf6EKAHa4t8NDEzlTRNg==", "id"=>"2"}
  [1m[36mBook Load (0.0ms)[0m  [1m[34mSELECT  "books".* FROM "books" WHERE "books"."id" = ? LIMIT ?[0m  [["id", 2], ["LIMIT", 1]]
  [1m[35m (0.0ms)[0m  [1m[36mbegin transaction[0m
  [1m[35mSQL (4.0ms)[0m  [1m[31mDELETE FROM "books" WHERE "books"."id" = ?[0m  [["id", 2]]
  [1m[35m (9.0ms)[0m  [1m[36mcommit transaction[0m
Redirected to http://localhost:3000/books
Completed 302 Found in 26ms (ActiveRecord: 13.0ms)


Started GET "/books" for ::1 at 2019-05-21 00:36:48 +0900
Processing by BooksController#index as HTML
  Rendering books/index.html.erb within layouts/application
  [1m[36mBook Load (0.0ms)[0m  [1m[34mSELECT "books".* FROM "books"[0m
  Rendered books/index.html.erb within layouts/application (5.0ms)
Completed 200 OK in 129ms (Views: 106.6ms | ActiveRecord: 0.0ms)


Started GET "/books/new" for ::1 at 2019-05-21 00:36:49 +0900
Processing by BooksController#new as HTML
  Rendering books/new.html.erb within layouts/application
  Rendered books/_form.html.erb (24.9ms)
  Rendered books/new.html.erb within layouts/application (42.9ms)
Completed 200 OK in 176ms (Views: 155.6ms | ActiveRecord: 0.0ms)


Started POST "/books" for ::1 at 2019-05-21 00:36:58 +0900
Processing by BooksController#create as HTML
  Parameters: {"utf8"=>"âœ“", "authenticity_token"=>"cfMnf7MN7lowOqg5biaP/r5iJEtgQ7OvuJPfecgx7XK/R7aHCegiCw+8K1gVZ4E/7hLjRig/f9ehHRcnXc6fFA==", "book"=>{"title"=>"a", "memo"=>"a", "picture"=>#<ActionDispatch::Http::UploadedFile:0x70fdb08 @tempfile=#<Tempfile:C:/Users/cocoa/AppData/Local/Temp/RackMultipart20190521-1868-6l6cek.png>, @original_filename="D273MNYU4AAcQ1U.png", @content_type="image/png", @headers="Content-Disposition: form-data; name=\"book[picture]\"; filename=\"D273MNYU4AAcQ1U.png\"\r\nContent-Type: image/png\r\n">}, "commit"=>"Create Book"}
Unpermitted parameter: :picture
  [1m[35m (0.0ms)[0m  [1m[36mbegin transaction[0m
  [1m[35mSQL (1.0ms)[0m  [1m[32mINSERT INTO "books" ("title", "memo", "created_at", "updated_at", "picture") VALUES (?, ?, ?, ?, ?)[0m  [["title", "a"], ["memo", "a"], ["created_at", "2019-05-20 15:36:58.169182"], ["updated_at", "2019-05-20 15:36:58.169182"], ["picture", "#<ActionDispatch::Http::UploadedFile:0x70fdb08>"]]
  [1m[35m (7.0ms)[0m  [1m[36mcommit transaction[0m
Redirected to http://localhost:3000/books/4
Completed 302 Found in 18ms (ActiveRecord: 8.0ms)


Started GET "/books/4" for ::1 at 2019-05-21 00:36:58 +0900
Processing by BooksController#show as HTML
  Parameters: {"id"=>"4"}
  [1m[36mBook Load (0.0ms)[0m  [1m[34mSELECT  "books".* FROM "books" WHERE "books"."id" = ? LIMIT ?[0m  [["id", 4], ["LIMIT", 1]]
  Rendering books/show.html.erb within layouts/application
  Rendered books/show.html.erb within layouts/application (40.9ms)
Completed 500 Internal Server Error in 132ms (ActiveRecord: 0.0ms)


  
ActionView::Template::Error (undefined method `picture_url' for #<Book:0x73b1f98>
Did you mean?  picture
               picture=
               picture?
               picture_was):
    12: 
    13: +<p>
    14: +  <strong>Picture:</strong>
    15: +  <%= image_tag(@book.picture_url) if @book.picture.present? %>
    16: +</p>
    17: 
    18: <%= link_to 'Edit', edit_book_path(@book) %> |
  
app/views/books/show.html.erb:15:in `_app_views_books_show_html_erb__846214421_60625368'
Started GET "/books" for 127.0.0.1 at 2019-05-21 00:40:31 +0900
  [1m[35m (1.0ms)[0m  [1m[34mSELECT "schema_migrations"."version" FROM "schema_migrations" ORDER BY "schema_migrations"."version" ASC[0m
Processing by BooksController#index as HTML
  Rendering books/index.html.erb within layouts/application
  [1m[36mBook Load (1.0ms)[0m  [1m[34mSELECT "books".* FROM "books"[0m
  Rendered books/index.html.erb within layouts/application (13.0ms)
Completed 200 OK in 342ms (Views: 293.6ms | ActiveRecord: 2.0ms)


Started GET "/books" for 127.0.0.1 at 2019-05-21 00:40:43 +0900
Processing by BooksController#index as HTML
  Rendering books/index.html.erb within layouts/application
  [1m[36mBook Load (0.0ms)[0m  [1m[34mSELECT "books".* FROM "books"[0m
  Rendered books/index.html.erb within layouts/application (4.0ms)
Completed 200 OK in 123ms (Views: 101.7ms | ActiveRecord: 0.0ms)


Started DELETE "/books/4" for 127.0.0.1 at 2019-05-21 00:40:46 +0900
Processing by BooksController#destroy as HTML
  Parameters: {"authenticity_token"=>"TdtYu0u6duZia7JUH4SOMRjr/EuMq5yfILKDyjJ5bxxFJM+eHSqHt2pdtZtCc6/GW48paE/hSrEE6h0KBsG9xQ==", "id"=>"4"}
  [1m[36mBook Load (0.0ms)[0m  [1m[34mSELECT  "books".* FROM "books" WHERE "books"."id" = ? LIMIT ?[0m  [["id", 4], ["LIMIT", 1]]
  [1m[35m (0.0ms)[0m  [1m[36mbegin transaction[0m
  [1m[35mSQL (5.0ms)[0m  [1m[31mDELETE FROM "books" WHERE "books"."id" = ?[0m  [["id", 4]]
  [1m[35m (9.0ms)[0m  [1m[36mcommit transaction[0m
Redirected to http://localhost:3000/books
Completed 302 Found in 31ms (ActiveRecord: 14.0ms)


Started GET "/books" for 127.0.0.1 at 2019-05-21 00:40:46 +0900
Processing by BooksController#index as HTML
  Rendering books/index.html.erb within layouts/application
  [1m[36mBook Load (0.0ms)[0m  [1m[34mSELECT "books".* FROM "books"[0m
  Rendered books/index.html.erb within layouts/application (4.0ms)
Completed 200 OK in 119ms (Views: 96.8ms | ActiveRecord: 0.0ms)


Started DELETE "/books/1" for 127.0.0.1 at 2019-05-21 00:40:48 +0900
Processing by BooksController#destroy as HTML
  Parameters: {"authenticity_token"=>"4O09TFROZmvp8giLFe7JX7yIKVmr7OBmIsYJkTWqUjDoEqppAt6XOuHED0RIGeio/+z8emimNkgGnpdRARKA6Q==", "id"=>"1"}
  [1m[36mBook Load (0.0ms)[0m  [1m[34mSELECT  "books".* FROM "books" WHERE "books"."id" = ? LIMIT ?[0m  [["id", 1], ["LIMIT", 1]]
  [1m[35m (0.0ms)[0m  [1m[36mbegin transaction[0m
  [1m[35mSQL (4.0ms)[0m  [1m[31mDELETE FROM "books" WHERE "books"."id" = ?[0m  [["id", 1]]
  [1m[35m (9.0ms)[0m  [1m[36mcommit transaction[0m
Redirected to http://localhost:3000/books
Completed 302 Found in 25ms (ActiveRecord: 13.0ms)


Started GET "/books" for 127.0.0.1 at 2019-05-21 00:40:48 +0900
Processing by BooksController#index as HTML
  Rendering books/index.html.erb within layouts/application
  [1m[36mBook Load (0.0ms)[0m  [1m[34mSELECT "books".* FROM "books"[0m
  Rendered books/index.html.erb within layouts/application (2.0ms)
Completed 200 OK in 148ms (Views: 125.0ms | ActiveRecord: 0.0ms)


Started GET "/books/new" for 127.0.0.1 at 2019-05-21 00:40:49 +0900
Processing by BooksController#new as HTML
  Rendering books/new.html.erb within layouts/application
  Rendered books/_form.html.erb (36.9ms)
  Rendered books/new.html.erb within layouts/application (76.8ms)
Completed 200 OK in 246ms (Views: 226.7ms | ActiveRecord: 0.0ms)


Started POST "/books" for 127.0.0.1 at 2019-05-21 00:40:58 +0900
Processing by BooksController#create as HTML
  Parameters: {"utf8"=>"âœ“", "authenticity_token"=>"2CF7MmL7wDBa0VZtfm1SQxiIzV5UHcNOOjc5ZZMfYDEWlerK2B4MYWVX1QwFLFyCSPgKUxxhDzYjufE7BuASVw==", "book"=>{"title"=>"a", "memo"=>"a", "picture"=>#<ActionDispatch::Http::UploadedFile:0xacbf138 @tempfile=#<Tempfile:C:/Users/cocoa/AppData/Local/Temp/RackMultipart20190521-2440-1h7tgcl.png>, @original_filename="D273MNYU4AAcQ1U.png", @content_type="image/png", @headers="Content-Disposition: form-data; name=\"book[picture]\"; filename=\"D273MNYU4AAcQ1U.png\"\r\nContent-Type: image/png\r\n">}, "commit"=>"Create Book"}
  [1m[35m (0.0ms)[0m  [1m[36mbegin transaction[0m
  [1m[35mSQL (1.0ms)[0m  [1m[32mINSERT INTO "books" ("title", "memo", "created_at", "updated_at", "picture") VALUES (?, ?, ?, ?, ?)[0m  [["title", "a"], ["memo", "a"], ["created_at", "2019-05-20 15:40:58.971348"], ["updated_at", "2019-05-20 15:40:58.971348"], ["picture", "D273MNYU4AAcQ1U.png"]]
  [1m[35m (8.0ms)[0m  [1m[36mcommit transaction[0m
Redirected to http://localhost:3000/books/5
Completed 302 Found in 48ms (ActiveRecord: 8.9ms)


Started GET "/books/5" for 127.0.0.1 at 2019-05-21 00:40:59 +0900
Processing by BooksController#show as HTML
  Parameters: {"id"=>"5"}
  [1m[36mBook Load (1.0ms)[0m  [1m[34mSELECT  "books".* FROM "books" WHERE "books"."id" = ? LIMIT ?[0m  [["id", 5], ["LIMIT", 1]]
  Rendering books/show.html.erb within layouts/application
  Rendered books/show.html.erb within layouts/application (1.0ms)
Completed 200 OK in 118ms (Views: 91.9ms | ActiveRecord: 1.0ms)


Started GET "/books" for ::1 at 2019-05-21 00:42:39 +0900
  [1m[35m (0.0ms)[0m  [1m[34mSELECT "schema_migrations"."version" FROM "schema_migrations" ORDER BY "schema_migrations"."version" ASC[0m
Processing by BooksController#index as HTML
  Rendering books/index.html.erb within layouts/application
  [1m[36mBook Load (1.0ms)[0m  [1m[34mSELECT "books".* FROM "books"[0m
  Rendered books/index.html.erb within layouts/application (14.0ms)
Completed 200 OK in 316ms (Views: 276.2ms | ActiveRecord: 2.0ms)


Started DELETE "/books/5" for ::1 at 2019-05-21 00:43:11 +0900
Processing by BooksController#destroy as HTML
  Parameters: {"authenticity_token"=>"s+7nTc/w7N/OKuiVbJuB+4wdZwvKyO8QrtEojQxZIP+7EXBomWAdjsYc71oxbKAMz3myKAmCOT6KibZNOOHyJg==", "id"=>"5"}
  [1m[36mBook Load (0.0ms)[0m  [1m[34mSELECT  "books".* FROM "books" WHERE "books"."id" = ? LIMIT ?[0m  [["id", 5], ["LIMIT", 1]]
  [1m[35m (0.0ms)[0m  [1m[36mbegin transaction[0m
  [1m[35mSQL (1.0ms)[0m  [1m[31mDELETE FROM "books" WHERE "books"."id" = ?[0m  [["id", 5]]
  [1m[35m (10.0ms)[0m  [1m[36mcommit transaction[0m
Redirected to http://localhost:3000/books
Completed 302 Found in 27ms (ActiveRecord: 10.9ms)


Started GET "/books" for ::1 at 2019-05-21 00:43:11 +0900
Processing by BooksController#index as HTML
  Rendering books/index.html.erb within layouts/application
  [1m[36mBook Load (1.0ms)[0m  [1m[34mSELECT "books".* FROM "books"[0m
  Rendered books/index.html.erb within layouts/application (3.0ms)
Completed 200 OK in 161ms (Views: 134.3ms | ActiveRecord: 1.0ms)


Started GET "/books/new" for ::1 at 2019-05-21 00:43:13 +0900
Processing by BooksController#new as HTML
  Rendering books/new.html.erb within layouts/application
  Rendered books/_form.html.erb (28.9ms)
  Rendered books/new.html.erb within layouts/application (46.9ms)
Completed 200 OK in 164ms (Views: 143.7ms | ActiveRecord: 0.0ms)


Started POST "/books" for ::1 at 2019-05-21 00:46:22 +0900
Processing by BooksController#create as HTML
  Parameters: {"utf8"=>"âœ“", "authenticity_token"=>"LhnnD/sBqEqSJJlFGu4WDFlb+mFz1YX/82zMZbXIKangrXb3QeRkG62iGiRhrxjNCSs9bDupSYfq4gQ7IDdbzw==", "book"=>{"title"=>"ãƒ†ã‚¹ãƒˆ", "memo"=>"ãƒ†ã‚¹ãƒˆ", "picture"=>#<ActionDispatch::Http::UploadedFile:0x3f3ff18 @tempfile=#<Tempfile:C:/Users/cocoa/AppData/Local/Temp/RackMultipart20190521-14172-1czkyfd.jpg>, @original_filename="19.jpg", @content_type="image/jpeg", @headers="Content-Disposition: form-data; name=\"book[picture]\"; filename=\"19.jpg\"\r\nContent-Type: image/jpeg\r\n">}, "commit"=>"Create Book"}
  [1m[35m (0.0ms)[0m  [1m[36mbegin transaction[0m
  [1m[35mSQL (5.0ms)[0m  [1m[32mINSERT INTO "books" ("title", "memo", "created_at", "updated_at", "picture") VALUES (?, ?, ?, ?, ?)[0m  [["title", "ãƒ†ã‚¹ãƒˆ"], ["memo", "ãƒ†ã‚¹ãƒˆ"], ["created_at", "2019-05-20 15:46:22.764914"], ["updated_at", "2019-05-20 15:46:22.764914"], ["picture", "19.jpg"]]
  [1m[35m (9.0ms)[0m  [1m[36mcommit transaction[0m
Redirected to http://localhost:3000/books/6
Completed 302 Found in 60ms (ActiveRecord: 14.0ms)


Started GET "/books/6" for ::1 at 2019-05-21 00:46:22 +0900
Processing by BooksController#show as HTML
  Parameters: {"id"=>"6"}
  [1m[36mBook Load (0.0ms)[0m  [1m[34mSELECT  "books".* FROM "books" WHERE "books"."id" = ? LIMIT ?[0m  [["id", 6], ["LIMIT", 1]]
  Rendering books/show.html.erb within layouts/application
  Rendered books/show.html.erb within layouts/application (3.0ms)
Completed 200 OK in 160ms (Views: 126.3ms | ActiveRecord: 0.0ms)


Started GET "/books/6/edit" for ::1 at 2019-05-21 00:47:10 +0900
Processing by BooksController#edit as HTML
  Parameters: {"id"=>"6"}
  [1m[36mBook Load (2.0ms)[0m  [1m[34mSELECT  "books".* FROM "books" WHERE "books"."id" = ? LIMIT ?[0m  [["id", 6], ["LIMIT", 1]]
  Rendering books/edit.html.erb within layouts/application
  Rendered books/_form.html.erb (5.0ms)
  Rendered books/edit.html.erb within layouts/application (25.9ms)
Completed 200 OK in 163ms (Views: 138.2ms | ActiveRecord: 2.0ms)


Started PATCH "/books/6" for ::1 at 2019-05-21 00:49:22 +0900
Processing by BooksController#update as HTML
  Parameters: {"utf8"=>"âœ“", "authenticity_token"=>"WTq67yKtUrwOAnnftlwOFMyyBmWg9DzatdT9ErLzrS9e0CoIpcNisUhCXAhcfT8mGc7aNm9eEUF4FAUkfcqLlQ==", "book"=>{"title"=>"ãƒ†ã‚¹ãƒˆ", "memo"=>"ãƒ†ã‚¹ãƒˆ", "picture"=>#<ActionDispatch::Http::UploadedFile:0x6f37710 @tempfile=#<Tempfile:C:/Users/cocoa/AppData/Local/Temp/RackMultipart20190521-14172-l1k80m.jpeg>, @original_filename="pexels-photo-220067.jpeg", @content_type="image/jpeg", @headers="Content-Disposition: form-data; name=\"book[picture]\"; filename=\"pexels-photo-220067.jpeg\"\r\nContent-Type: image/jpeg\r\n">}, "commit"=>"Update Book", "id"=>"6"}
  [1m[36mBook Load (1.0ms)[0m  [1m[34mSELECT  "books".* FROM "books" WHERE "books"."id" = ? LIMIT ?[0m  [["id", 6], ["LIMIT", 1]]
  [1m[35m (0.0ms)[0m  [1m[36mbegin transaction[0m
  [1m[35mSQL (1.0ms)[0m  [1m[33mUPDATE "books" SET "picture" = ?, "updated_at" = ? WHERE "books"."id" = ?[0m  [["picture", "pexels-photo-220067.jpeg"], ["updated_at", "2019-05-20 15:49:22.763989"], ["id", 6]]
  [1m[35m (9.0ms)[0m  [1m[36mcommit transaction[0m
Redirected to http://localhost:3000/books/6
Completed 302 Found in 52ms (ActiveRecord: 11.0ms)


Started GET "/books/6" for ::1 at 2019-05-21 00:49:22 +0900
Processing by BooksController#show as HTML
  Parameters: {"id"=>"6"}
  [1m[36mBook Load (0.0ms)[0m  [1m[34mSELECT  "books".* FROM "books" WHERE "books"."id" = ? LIMIT ?[0m  [["id", 6], ["LIMIT", 1]]
  Rendering books/show.html.erb within layouts/application
  Rendered books/show.html.erb within layouts/application (1.0ms)
Completed 200 OK in 118ms (Views: 96.7ms | ActiveRecord: 0.0ms)


Started GET "/books/6/edit" for ::1 at 2019-05-21 00:49:47 +0900
Processing by BooksController#edit as HTML
  Parameters: {"id"=>"6"}
  [1m[36mBook Load (0.0ms)[0m  [1m[34mSELECT  "books".* FROM "books" WHERE "books"."id" = ? LIMIT ?[0m  [["id", 6], ["LIMIT", 1]]
  Rendering books/edit.html.erb within layouts/application
  Rendered books/_form.html.erb (3.0ms)
  Rendered books/edit.html.erb within layouts/application (21.9ms)
Completed 200 OK in 138ms (Views: 115.8ms | ActiveRecord: 0.0ms)


Started PATCH "/books/6" for ::1 at 2019-05-21 00:49:57 +0900
Processing by BooksController#update as HTML
  Parameters: {"utf8"=>"âœ“", "authenticity_token"=>"02SONiALfYLLdf1u/9dgOJCWs+QBMQ4qYGH83NLrYtnUjh7Rp2VNj4012LkV9lEKRepvt86bI7GtoQTqHdJEYw==", "book"=>{"title"=>"ãƒ†ã‚¹ãƒˆ", "memo"=>"ãƒ†ã‚¹ãƒˆ", "picture"=>#<ActionDispatch::Http::UploadedFile:0xb605b48 @tempfile=#<Tempfile:C:/Users/cocoa/AppData/Local/Temp/RackMultipart20190521-14172-9ji78m.jpg>, @original_filename="background-blur-bright-220067.jpg", @content_type="image/jpeg", @headers="Content-Disposition: form-data; name=\"book[picture]\"; filename=\"background-blur-bright-220067.jpg\"\r\nContent-Type: image/jpeg\r\n">}, "commit"=>"Update Book", "id"=>"6"}
  [1m[36mBook Load (0.0ms)[0m  [1m[34mSELECT  "books".* FROM "books" WHERE "books"."id" = ? LIMIT ?[0m  [["id", 6], ["LIMIT", 1]]
  [1m[35m (0.0ms)[0m  [1m[36mbegin transaction[0m
  [1m[35mSQL (5.0ms)[0m  [1m[33mUPDATE "books" SET "picture" = ?, "updated_at" = ? WHERE "books"."id" = ?[0m  [["picture", "background-blur-bright-220067.jpg"], ["updated_at", "2019-05-20 15:49:57.831345"], ["id", 6]]
  [1m[35m (8.9ms)[0m  [1m[36mcommit transaction[0m
Redirected to http://localhost:3000/books/6
Completed 302 Found in 51ms (ActiveRecord: 14.0ms)


Started GET "/books/6" for ::1 at 2019-05-21 00:49:57 +0900
Processing by BooksController#show as HTML
  Parameters: {"id"=>"6"}
  [1m[36mBook Load (0.0ms)[0m  [1m[34mSELECT  "books".* FROM "books" WHERE "books"."id" = ? LIMIT ?[0m  [["id", 6], ["LIMIT", 1]]
  Rendering books/show.html.erb within layouts/application
  Rendered books/show.html.erb within layouts/application (2.0ms)
Completed 200 OK in 116ms (Views: 92.7ms | ActiveRecord: 0.0ms)


Started GET "/users" for ::1 at 2019-05-21 01:50:36 +0900
  
ActionController::RoutingError (No route matches [GET] "/users"):
  
actionpack (5.1.7) lib/action_dispatch/middleware/debug_exceptions.rb:63:in `call'
web-console (3.7.0) lib/web_console/middleware.rb:135:in `call_app'
web-console (3.7.0) lib/web_console/middleware.rb:30:in `block in call'
web-console (3.7.0) lib/web_console/middleware.rb:20:in `catch'
web-console (3.7.0) lib/web_console/middleware.rb:20:in `call'
actionpack (5.1.7) lib/action_dispatch/middleware/show_exceptions.rb:31:in `call'
railties (5.1.7) lib/rails/rack/logger.rb:36:in `call_app'
railties (5.1.7) lib/rails/rack/logger.rb:24:in `block in call'
activesupport (5.1.7) lib/active_support/tagged_logging.rb:69:in `block in tagged'
activesupport (5.1.7) lib/active_support/tagged_logging.rb:26:in `tagged'
activesupport (5.1.7) lib/active_support/tagged_logging.rb:69:in `tagged'
railties (5.1.7) lib/rails/rack/logger.rb:24:in `call'
sprockets-rails (3.2.1) lib/sprockets/rails/quiet_assets.rb:13:in `call'
actionpack (5.1.7) lib/action_dispatch/middleware/remote_ip.rb:79:in `call'
actionpack (5.1.7) lib/action_dispatch/middleware/request_id.rb:25:in `call'
rack (2.0.7) lib/rack/method_override.rb:22:in `call'
rack (2.0.7) lib/rack/runtime.rb:22:in `call'
activesupport (5.1.7) lib/active_support/cache/strategy/local_cache_middleware.rb:27:in `call'
actionpack (5.1.7) lib/action_dispatch/middleware/executor.rb:12:in `call'
actionpack (5.1.7) lib/action_dispatch/middleware/static.rb:125:in `call'
rack (2.0.7) lib/rack/sendfile.rb:111:in `call'
railties (5.1.7) lib/rails/engine.rb:522:in `call'
puma (3.12.1) lib/puma/configuration.rb:227:in `call'
puma (3.12.1) lib/puma/server.rb:660:in `handle_request'
puma (3.12.1) lib/puma/server.rb:474:in `process_client'
puma (3.12.1) lib/puma/server.rb:334:in `block in run'
puma (3.12.1) lib/puma/thread_pool.rb:135:in `block in spawn_thread'
Started GET "/" for ::1 at 2019-05-21 01:50:45 +0900
  
AbstractController::ActionNotFound (The action 'book' could not be found for BooksController):
  
actionpack (5.1.7) lib/abstract_controller/base.rb:119:in `process'
actionview (5.1.7) lib/action_view/rendering.rb:30:in `process'
actionpack (5.1.7) lib/action_controller/metal.rb:189:in `dispatch'
actionpack (5.1.7) lib/action_controller/metal.rb:253:in `dispatch'
actionpack (5.1.7) lib/action_dispatch/routing/route_set.rb:49:in `dispatch'
actionpack (5.1.7) lib/action_dispatch/routing/route_set.rb:31:in `serve'
actionpack (5.1.7) lib/action_dispatch/journey/router.rb:50:in `block in serve'
actionpack (5.1.7) lib/action_dispatch/journey/router.rb:33:in `each'
actionpack (5.1.7) lib/action_dispatch/journey/router.rb:33:in `serve'
actionpack (5.1.7) lib/action_dispatch/routing/route_set.rb:844:in `call'
rack (2.0.7) lib/rack/etag.rb:25:in `call'
rack (2.0.7) lib/rack/conditional_get.rb:25:in `call'
rack (2.0.7) lib/rack/head.rb:12:in `call'
rack (2.0.7) lib/rack/session/abstract/id.rb:232:in `context'
rack (2.0.7) lib/rack/session/abstract/id.rb:226:in `call'
actionpack (5.1.7) lib/action_dispatch/middleware/cookies.rb:613:in `call'
activerecord (5.1.7) lib/active_record/migration.rb:556:in `call'
actionpack (5.1.7) lib/action_dispatch/middleware/callbacks.rb:26:in `block in call'
activesupport (5.1.7) lib/active_support/callbacks.rb:97:in `run_callbacks'
actionpack (5.1.7) lib/action_dispatch/middleware/callbacks.rb:24:in `call'
actionpack (5.1.7) lib/action_dispatch/middleware/executor.rb:12:in `call'
actionpack (5.1.7) lib/action_dispatch/middleware/debug_exceptions.rb:59:in `call'
web-console (3.7.0) lib/web_console/middleware.rb:135:in `call_app'
web-console (3.7.0) lib/web_console/middleware.rb:30:in `block in call'
web-console (3.7.0) lib/web_console/middleware.rb:20:in `catch'
web-console (3.7.0) lib/web_console/middleware.rb:20:in `call'
actionpack (5.1.7) lib/action_dispatch/middleware/show_exceptions.rb:31:in `call'
railties (5.1.7) lib/rails/rack/logger.rb:36:in `call_app'
railties (5.1.7) lib/rails/rack/logger.rb:24:in `block in call'
activesupport (5.1.7) lib/active_support/tagged_logging.rb:69:in `block in tagged'
activesupport (5.1.7) lib/active_support/tagged_logging.rb:26:in `tagged'
activesupport (5.1.7) lib/active_support/tagged_logging.rb:69:in `tagged'
railties (5.1.7) lib/rails/rack/logger.rb:24:in `call'
sprockets-rails (3.2.1) lib/sprockets/rails/quiet_assets.rb:13:in `call'
actionpack (5.1.7) lib/action_dispatch/middleware/remote_ip.rb:79:in `call'
actionpack (5.1.7) lib/action_dispatch/middleware/request_id.rb:25:in `call'
rack (2.0.7) lib/rack/method_override.rb:22:in `call'
rack (2.0.7) lib/rack/runtime.rb:22:in `call'
activesupport (5.1.7) lib/active_support/cache/strategy/local_cache_middleware.rb:27:in `call'
actionpack (5.1.7) lib/action_dispatch/middleware/executor.rb:12:in `call'
actionpack (5.1.7) lib/action_dispatch/middleware/static.rb:125:in `call'
rack (2.0.7) lib/rack/sendfile.rb:111:in `call'
railties (5.1.7) lib/rails/engine.rb:522:in `call'
puma (3.12.1) lib/puma/configuration.rb:227:in `call'
puma (3.12.1) lib/puma/server.rb:660:in `handle_request'
puma (3.12.1) lib/puma/server.rb:474:in `process_client'
puma (3.12.1) lib/puma/server.rb:334:in `block in run'
puma (3.12.1) lib/puma/thread_pool.rb:135:in `block in spawn_thread'
Started GET "/books" for ::1 at 2019-05-21 01:50:57 +0900
Processing by BooksController#index as HTML
  Rendering books/index.html.erb within layouts/application
  [1m[36mBook Load (0.0ms)[0m  [1m[34mSELECT "books".* FROM "books"[0m
  Rendered books/index.html.erb within layouts/application (10.0ms)
Completed 200 OK in 136ms (Views: 105.7ms | ActiveRecord: 1.0ms)


Started GET "/" for ::1 at 2019-05-21 01:51:29 +0900
  [1m[35m (1.0ms)[0m  [1m[34mSELECT "schema_migrations"."version" FROM "schema_migrations" ORDER BY "schema_migrations"."version" ASC[0m
  
AbstractController::ActionNotFound (The action 'book' could not be found for BooksController):
  
actionpack (5.1.7) lib/abstract_controller/base.rb:119:in `process'
actionview (5.1.7) lib/action_view/rendering.rb:30:in `process'
actionpack (5.1.7) lib/action_controller/metal.rb:189:in `dispatch'
actionpack (5.1.7) lib/action_controller/metal.rb:253:in `dispatch'
actionpack (5.1.7) lib/action_dispatch/routing/route_set.rb:49:in `dispatch'
actionpack (5.1.7) lib/action_dispatch/routing/route_set.rb:31:in `serve'
actionpack (5.1.7) lib/action_dispatch/journey/router.rb:50:in `block in serve'
actionpack (5.1.7) lib/action_dispatch/journey/router.rb:33:in `each'
actionpack (5.1.7) lib/action_dispatch/journey/router.rb:33:in `serve'
actionpack (5.1.7) lib/action_dispatch/routing/route_set.rb:844:in `call'
rack (2.0.7) lib/rack/etag.rb:25:in `call'
rack (2.0.7) lib/rack/conditional_get.rb:25:in `call'
rack (2.0.7) lib/rack/head.rb:12:in `call'
rack (2.0.7) lib/rack/session/abstract/id.rb:232:in `context'
rack (2.0.7) lib/rack/session/abstract/id.rb:226:in `call'
actionpack (5.1.7) lib/action_dispatch/middleware/cookies.rb:613:in `call'
activerecord (5.1.7) lib/active_record/migration.rb:556:in `call'
actionpack (5.1.7) lib/action_dispatch/middleware/callbacks.rb:26:in `block in call'
activesupport (5.1.7) lib/active_support/callbacks.rb:97:in `run_callbacks'
actionpack (5.1.7) lib/action_dispatch/middleware/callbacks.rb:24:in `call'
actionpack (5.1.7) lib/action_dispatch/middleware/executor.rb:12:in `call'
actionpack (5.1.7) lib/action_dispatch/middleware/debug_exceptions.rb:59:in `call'
web-console (3.7.0) lib/web_console/middleware.rb:135:in `call_app'
web-console (3.7.0) lib/web_console/middleware.rb:30:in `block in call'
web-console (3.7.0) lib/web_console/middleware.rb:20:in `catch'
web-console (3.7.0) lib/web_console/middleware.rb:20:in `call'
actionpack (5.1.7) lib/action_dispatch/middleware/show_exceptions.rb:31:in `call'
railties (5.1.7) lib/rails/rack/logger.rb:36:in `call_app'
railties (5.1.7) lib/rails/rack/logger.rb:24:in `block in call'
activesupport (5.1.7) lib/active_support/tagged_logging.rb:69:in `block in tagged'
activesupport (5.1.7) lib/active_support/tagged_logging.rb:26:in `tagged'
activesupport (5.1.7) lib/active_support/tagged_logging.rb:69:in `tagged'
railties (5.1.7) lib/rails/rack/logger.rb:24:in `call'
sprockets-rails (3.2.1) lib/sprockets/rails/quiet_assets.rb:13:in `call'
actionpack (5.1.7) lib/action_dispatch/middleware/remote_ip.rb:79:in `call'
actionpack (5.1.7) lib/action_dispatch/middleware/request_id.rb:25:in `call'
rack (2.0.7) lib/rack/method_override.rb:22:in `call'
rack (2.0.7) lib/rack/runtime.rb:22:in `call'
activesupport (5.1.7) lib/active_support/cache/strategy/local_cache_middleware.rb:27:in `call'
actionpack (5.1.7) lib/action_dispatch/middleware/executor.rb:12:in `call'
actionpack (5.1.7) lib/action_dispatch/middleware/static.rb:125:in `call'
rack (2.0.7) lib/rack/sendfile.rb:111:in `call'
railties (5.1.7) lib/rails/engine.rb:522:in `call'
puma (3.12.1) lib/puma/configuration.rb:227:in `call'
puma (3.12.1) lib/puma/server.rb:660:in `handle_request'
puma (3.12.1) lib/puma/server.rb:474:in `process_client'
puma (3.12.1) lib/puma/server.rb:334:in `block in run'
puma (3.12.1) lib/puma/thread_pool.rb:135:in `block in spawn_thread'
Started GET "/" for ::1 at 2019-05-21 01:52:09 +0900
  [1m[35m (0.0ms)[0m  [1m[34mSELECT "schema_migrations"."version" FROM "schema_migrations" ORDER BY "schema_migrations"."version" ASC[0m
Processing by BooksController#index as HTML
  Rendering books/index.html.erb within layouts/application
  [1m[36mBook Load (1.0ms)[0m  [1m[34mSELECT "books".* FROM "books"[0m
  Rendered books/index.html.erb within layouts/application (14.0ms)
Completed 200 OK in 337ms (Views: 296.5ms | ActiveRecord: 1.0ms)


Started GET "/books/6" for ::1 at 2019-05-21 01:52:31 +0900
Processing by BooksController#show as HTML
  Parameters: {"id"=>"6"}
  [1m[36mBook Load (0.0ms)[0m  [1m[34mSELECT  "books".* FROM "books" WHERE "books"."id" = ? LIMIT ?[0m  [["id", 6], ["LIMIT", 1]]
  Rendering books/show.html.erb within layouts/application
  Rendered books/show.html.erb within layouts/application (2.0ms)
Completed 200 OK in 152ms (Views: 123.2ms | ActiveRecord: 0.0ms)


Started GET "/books" for ::1 at 2019-05-21 01:52:38 +0900
Processing by BooksController#index as HTML
  Rendering books/index.html.erb within layouts/application
  [1m[36mBook Load (0.0ms)[0m  [1m[34mSELECT "books".* FROM "books"[0m
  Rendered books/index.html.erb within layouts/application (5.0ms)
Completed 200 OK in 117ms (Views: 96.4ms | ActiveRecord: 0.0ms)


Started GET "/books/new" for ::1 at 2019-05-21 01:52:39 +0900
Processing by BooksController#new as HTML
  Rendering books/new.html.erb within layouts/application
  Rendered books/_form.html.erb (27.9ms)
  Rendered books/new.html.erb within layouts/application (55.8ms)
Completed 200 OK in 243ms (Views: 220.4ms | ActiveRecord: 0.0ms)


Started GET "/books" for ::1 at 2019-05-21 18:38:05 +0900
  [1m[35m (1.0ms)[0m  [1m[34mSELECT "schema_migrations"."version" FROM "schema_migrations" ORDER BY "schema_migrations"."version" ASC[0m
  
SyntaxError (C:/Users/cocoa/Desktop/Rails/books_app/app/controllers/books_controller.rb:82: syntax error, unexpected end-of-input, expecting keyword_end):
  
app/controllers/books_controller.rb:82: syntax error, unexpected end-of-input, expecting keyword_end
Started GET "/books" for ::1 at 2019-05-21 18:38:58 +0900
  [1m[35m (1.0ms)[0m  [1m[34mSELECT "schema_migrations"."version" FROM "schema_migrations" ORDER BY "schema_migrations"."version" ASC[0m
Processing by BooksController#index as HTML
  Rendering books/index.html.erb within layouts/application
  [1m[36mBook Load (1.0ms)[0m  [1m[34mSELECT "books".* FROM "books"[0m
  Rendered books/index.html.erb within layouts/application (285.2ms)
Completed 500 Internal Server Error in 428ms (ActiveRecord: 2.0ms)


  
ActionView::Template::Error (undefined local variable or method `image' for #<#<Class:0x73b0ff0>:0x73a8ec0>
Did you mean?  image_url):
    29: <br>
    30: 
    31: <%= link_to 'New Book', new_book_path %>
    32:  <%= link_to image_tag(show_image_image_path(image), :width => 300),image %>
  
app/views/books/index.html.erb:32:in `_app_views_books_index_html_erb__490032706_60656928'
Started GET "/books" for ::1 at 2019-05-21 18:39:56 +0900
  [1m[35m (1.0ms)[0m  [1m[34mSELECT "schema_migrations"."version" FROM "schema_migrations" ORDER BY "schema_migrations"."version" ASC[0m
Processing by BooksController#index as HTML
  Rendering books/index.html.erb within layouts/application
  [1m[36mBook Load (0.0ms)[0m  [1m[34mSELECT "books".* FROM "books"[0m
  Rendered books/index.html.erb within layouts/application (19.9ms)
Completed 200 OK in 639ms (Views: 589.2ms | ActiveRecord: 2.0ms)


Started GET "/books/new" for ::1 at 2019-05-21 18:40:11 +0900
Processing by BooksController#new as HTML
  Rendering books/new.html.erb within layouts/application
  Rendered books/_form.html.erb (82.8ms)
  Rendered books/new.html.erb within layouts/application (103.7ms)
Completed 200 OK in 230ms (Views: 208.6ms | ActiveRecord: 0.0ms)


Started POST "/books" for ::1 at 2019-05-21 18:40:24 +0900
  
AbstractController::ActionNotFound (The action 'create' could not be found for BooksController):
  
actionpack (5.1.7) lib/abstract_controller/base.rb:119:in `process'
actionview (5.1.7) lib/action_view/rendering.rb:30:in `process'
actionpack (5.1.7) lib/action_controller/metal.rb:189:in `dispatch'
actionpack (5.1.7) lib/action_controller/metal.rb:253:in `dispatch'
actionpack (5.1.7) lib/action_dispatch/routing/route_set.rb:49:in `dispatch'
actionpack (5.1.7) lib/action_dispatch/routing/route_set.rb:31:in `serve'
actionpack (5.1.7) lib/action_dispatch/journey/router.rb:50:in `block in serve'
actionpack (5.1.7) lib/action_dispatch/journey/router.rb:33:in `each'
actionpack (5.1.7) lib/action_dispatch/journey/router.rb:33:in `serve'
actionpack (5.1.7) lib/action_dispatch/routing/route_set.rb:844:in `call'
rack (2.0.7) lib/rack/etag.rb:25:in `call'
rack (2.0.7) lib/rack/conditional_get.rb:38:in `call'
rack (2.0.7) lib/rack/head.rb:12:in `call'
rack (2.0.7) lib/rack/session/abstract/id.rb:232:in `context'
rack (2.0.7) lib/rack/session/abstract/id.rb:226:in `call'
actionpack (5.1.7) lib/action_dispatch/middleware/cookies.rb:613:in `call'
activerecord (5.1.7) lib/active_record/migration.rb:556:in `call'
actionpack (5.1.7) lib/action_dispatch/middleware/callbacks.rb:26:in `block in call'
activesupport (5.1.7) lib/active_support/callbacks.rb:97:in `run_callbacks'
actionpack (5.1.7) lib/action_dispatch/middleware/callbacks.rb:24:in `call'
actionpack (5.1.7) lib/action_dispatch/middleware/executor.rb:12:in `call'
actionpack (5.1.7) lib/action_dispatch/middleware/debug_exceptions.rb:59:in `call'
web-console (3.7.0) lib/web_console/middleware.rb:135:in `call_app'
web-console (3.7.0) lib/web_console/middleware.rb:30:in `block in call'
web-console (3.7.0) lib/web_console/middleware.rb:20:in `catch'
web-console (3.7.0) lib/web_console/middleware.rb:20:in `call'
actionpack (5.1.7) lib/action_dispatch/middleware/show_exceptions.rb:31:in `call'
railties (5.1.7) lib/rails/rack/logger.rb:36:in `call_app'
railties (5.1.7) lib/rails/rack/logger.rb:24:in `block in call'
activesupport (5.1.7) lib/active_support/tagged_logging.rb:69:in `block in tagged'
activesupport (5.1.7) lib/active_support/tagged_logging.rb:26:in `tagged'
activesupport (5.1.7) lib/active_support/tagged_logging.rb:69:in `tagged'
railties (5.1.7) lib/rails/rack/logger.rb:24:in `call'
sprockets-rails (3.2.1) lib/sprockets/rails/quiet_assets.rb:13:in `call'
actionpack (5.1.7) lib/action_dispatch/middleware/remote_ip.rb:79:in `call'
actionpack (5.1.7) lib/action_dispatch/middleware/request_id.rb:25:in `call'
rack (2.0.7) lib/rack/method_override.rb:22:in `call'
rack (2.0.7) lib/rack/runtime.rb:22:in `call'
activesupport (5.1.7) lib/active_support/cache/strategy/local_cache_middleware.rb:27:in `call'
actionpack (5.1.7) lib/action_dispatch/middleware/executor.rb:12:in `call'
actionpack (5.1.7) lib/action_dispatch/middleware/static.rb:125:in `call'
rack (2.0.7) lib/rack/sendfile.rb:111:in `call'
railties (5.1.7) lib/rails/engine.rb:522:in `call'
puma (3.12.1) lib/puma/configuration.rb:227:in `call'
puma (3.12.1) lib/puma/server.rb:660:in `handle_request'
puma (3.12.1) lib/puma/server.rb:474:in `process_client'
puma (3.12.1) lib/puma/server.rb:334:in `block in run'
puma (3.12.1) lib/puma/thread_pool.rb:135:in `block in spawn_thread'
Started POST "/books" for ::1 at 2019-05-21 18:42:33 +0900
  [1m[35m (0.0ms)[0m  [1m[34mSELECT "schema_migrations"."version" FROM "schema_migrations" ORDER BY "schema_migrations"."version" ASC[0m
Processing by BooksController#create as HTML
  Parameters: {"utf8"=>"âœ“", "authenticity_token"=>"HD6aS+OtPCl7prUQjBuUJaGf1o+okgFDmtmX9/p3L6IX4g8mHF8SmthrvMWWXPZptTjFjBxeN5gRZ1Jb6ocggA==", "book"=>{"title"=>"a", "memo"=>"a", "picture"=>#<ActionDispatch::Http::UploadedFile:0x74a3018 @tempfile=#<Tempfile:C:/Users/cocoa/AppData/Local/Temp/RackMultipart20190521-5472-77qcup.jpg>, @original_filename="background-blur-bright-220067.jpg", @content_type="image/jpeg", @headers="Content-Disposition: form-data; name=\"book[picture]\"; filename=\"background-blur-bright-220067.jpg\"\r\nContent-Type: image/jpeg\r\n">}, "commit"=>"Create Book"}
Completed 500 Internal Server Error in 11ms (ActiveRecord: 0.0ms)


  
NameError (uninitialized constant BooksController::Image):
  
app/controllers/books_controller.rb:32:in `create'
Started GET "/" for ::1 at 2019-05-21 18:43:03 +0900
Processing by BooksController#index as HTML
  Rendering books/index.html.erb within layouts/application
  [1m[36mBook Load (0.0ms)[0m  [1m[34mSELECT "books".* FROM "books"[0m
  Rendered books/index.html.erb within layouts/application (14.0ms)
Completed 200 OK in 302ms (Views: 275.4ms | ActiveRecord: 1.0ms)


Started DELETE "/books/6" for ::1 at 2019-05-21 18:43:17 +0900
Processing by BooksController#destroy as HTML
  Parameters: {"authenticity_token"=>"v+x1ghv8UR+5e6FydrE6Rken6yhH6ERg04CO2oF5vbphoBuU4nMB1Xrb071vp7SywAVQz6DwBkqVN7inEpvI0Q==", "id"=>"6"}
  [1m[36mBook Load (0.0ms)[0m  [1m[34mSELECT  "books".* FROM "books" WHERE "books"."id" = ? LIMIT ?[0m  [["id", 6], ["LIMIT", 1]]
  [1m[35m (0.0ms)[0m  [1m[36mbegin transaction[0m
  [1m[35mSQL (1.0ms)[0m  [1m[31mDELETE FROM "books" WHERE "books"."id" = ?[0m  [["id", 6]]
  [1m[35m (8.0ms)[0m  [1m[36mcommit transaction[0m
Redirected to http://localhost:3000/books
Completed 302 Found in 54ms (ActiveRecord: 9.0ms)


Started GET "/books" for ::1 at 2019-05-21 18:43:17 +0900
Processing by BooksController#index as HTML
  Rendering books/index.html.erb within layouts/application
  [1m[36mBook Load (0.0ms)[0m  [1m[34mSELECT "books".* FROM "books"[0m
  Rendered books/index.html.erb within layouts/application (3.0ms)
Completed 200 OK in 124ms (Views: 101.6ms | ActiveRecord: 0.0ms)


Started GET "/books/new" for ::1 at 2019-05-21 18:43:18 +0900
Processing by BooksController#new as HTML
  Rendering books/new.html.erb within layouts/application
  Rendered books/_form.html.erb (26.9ms)
  Rendered books/new.html.erb within layouts/application (45.9ms)
Completed 200 OK in 180ms (Views: 158.6ms | ActiveRecord: 0.0ms)


Started POST "/books" for ::1 at 2019-05-21 18:43:25 +0900
Processing by BooksController#create as HTML
  Parameters: {"utf8"=>"âœ“", "authenticity_token"=>"CAyiEozVIrU5PJKk3ugg3a5/mXVldhStKm9gExkgm1ID0Dd/cycMBprxm3HEr0KRutiKdtG6Inah0aW/CdCUcA==", "book"=>{"title"=>"a", "memo"=>"a", "picture"=>#<ActionDispatch::Http::UploadedFile:0x6e5c830 @tempfile=#<Tempfile:C:/Users/cocoa/AppData/Local/Temp/RackMultipart20190521-5472-1ep2vvd.jpg>, @original_filename="background-blur-bright-220067.jpg", @content_type="image/jpeg", @headers="Content-Disposition: form-data; name=\"book[picture]\"; filename=\"background-blur-bright-220067.jpg\"\r\nContent-Type: image/jpeg\r\n">}, "commit"=>"Create Book"}
Completed 500 Internal Server Error in 6ms (ActiveRecord: 0.0ms)


  
NameError (uninitialized constant BooksController::Image):
  
app/controllers/books_controller.rb:32:in `create'
Started GET "/books/new" for ::1 at 2019-05-21 18:44:04 +0900
  [1m[35m (0.0ms)[0m  [1m[34mSELECT "schema_migrations"."version" FROM "schema_migrations" ORDER BY "schema_migrations"."version" ASC[0m
Processing by BooksController#new as HTML
  Rendering books/new.html.erb within layouts/application
  Rendered books/_form.html.erb (26.0ms)
  Rendered books/new.html.erb within layouts/application (44.9ms)
Completed 200 OK in 360ms (Views: 313.2ms | ActiveRecord: 0.0ms)


Started GET "/" for ::1 at 2019-05-21 18:44:17 +0900
Processing by BooksController#index as HTML
  Rendering books/index.html.erb within layouts/application
  [1m[36mBook Load (0.0ms)[0m  [1m[34mSELECT "books".* FROM "books"[0m
  Rendered books/index.html.erb within layouts/application (3.0ms)
Completed 200 OK in 125ms (Views: 99.3ms | ActiveRecord: 0.0ms)


Started GET "/books/new" for ::1 at 2019-05-21 18:44:19 +0900
Processing by BooksController#new as HTML
  Rendering books/new.html.erb within layouts/application
  Rendered books/_form.html.erb (2.0ms)
  Rendered books/new.html.erb within layouts/application (20.0ms)
Completed 200 OK in 125ms (Views: 103.5ms | ActiveRecord: 0.0ms)


Started POST "/books" for ::1 at 2019-05-21 18:44:24 +0900
Processing by BooksController#create as HTML
  Parameters: {"utf8"=>"âœ“", "authenticity_token"=>"NFc6dmBwmK1v0zhkJnCtOY5e6KVA1kJcQmjH+ovUhqA/i68bn4K2HsweMbE8N891mvn7pvQadIfJ1gJWmySJgg==", "book"=>{"title"=>"a", "memo"=>"a", "picture"=>#<ActionDispatch::Http::UploadedFile:0xb2e7ae8 @tempfile=#<Tempfile:C:/Users/cocoa/AppData/Local/Temp/RackMultipart20190521-12252-1mganuj.jpg>, @original_filename="background-blur-bright-220067.jpg", @content_type="image/jpeg", @headers="Content-Disposition: form-data; name=\"book[picture]\"; filename=\"background-blur-bright-220067.jpg\"\r\nContent-Type: image/jpeg\r\n">}, "commit"=>"Create Book"}
Completed 500 Internal Server Error in 1ms (ActiveRecord: 0.0ms)


  
ArgumentError (string contains null byte):
  
app/controllers/books_controller.rb:32:in `create'
Started GET "/" for ::1 at 2019-05-21 18:47:13 +0900
  [1m[35m (0.0ms)[0m  [1m[34mSELECT "schema_migrations"."version" FROM "schema_migrations" ORDER BY "schema_migrations"."version" ASC[0m
Processing by BooksController#index as HTML
  Rendering books/index.html.erb within layouts/application
  [1m[36mBook Load (0.0ms)[0m  [1m[34mSELECT "books".* FROM "books"[0m
  Rendered books/index.html.erb within layouts/application (6.0ms)
Completed 200 OK in 305ms (Views: 270.5ms | ActiveRecord: 0.0ms)


Started GET "/books/new" for ::1 at 2019-05-21 18:47:26 +0900
Processing by BooksController#new as HTML
  Rendering books/new.html.erb within layouts/application
  Rendered books/_form.html.erb (26.5ms)
  Rendered books/new.html.erb within layouts/application (43.4ms)
Completed 200 OK in 176ms (Views: 148.9ms | ActiveRecord: 1.0ms)


Started POST "/books" for ::1 at 2019-05-21 18:47:31 +0900
Processing by BooksController#create as HTML
  Parameters: {"utf8"=>"âœ“", "authenticity_token"=>"1AFqAVCbrnEClL2upRamvfw6cHf7tbVDvBkFtcFZtcvf3f9sr2mAwqFZtHu/UcTx6J1jdE95g5g3p8AZ0am66Q==", "book"=>{"title"=>"ãƒ†ã‚¹ãƒˆ", "memo"=>"a", "picture"=>#<ActionDispatch::Http::UploadedFile:0x709c260 @tempfile=#<Tempfile:C:/Users/cocoa/AppData/Local/Temp/RackMultipart20190521-11768-6xp7r0.jpg>, @original_filename="background-blur-bright-220067.jpg", @content_type="image/jpeg", @headers="Content-Disposition: form-data; name=\"book[picture]\"; filename=\"background-blur-bright-220067.jpg\"\r\nContent-Type: image/jpeg\r\n">}, "commit"=>"Create Book"}
Completed 500 Internal Server Error in 1ms (ActiveRecord: 0.0ms)


  
ArgumentError (string contains null byte):
  
app/controllers/books_controller.rb:32:in `create'
Started GET "/" for 127.0.0.1 at 2019-05-21 18:47:57 +0900
  [1m[35m (0.0ms)[0m  [1m[34mSELECT "schema_migrations"."version" FROM "schema_migrations" ORDER BY "schema_migrations"."version" ASC[0m
Processing by BooksController#index as HTML
  Rendering books/index.html.erb within layouts/application
  [1m[36mBook Load (0.0ms)[0m  [1m[34mSELECT "books".* FROM "books"[0m
  Rendered books/index.html.erb within layouts/application (5.0ms)
Completed 200 OK in 303ms (Views: 271.0ms | ActiveRecord: 0.0ms)


Started GET "/" for 127.0.0.1 at 2019-05-21 18:48:10 +0900
Processing by BooksController#index as HTML
  Rendering books/index.html.erb within layouts/application
  [1m[36mBook Load (0.0ms)[0m  [1m[34mSELECT "books".* FROM "books"[0m
  Rendered books/index.html.erb within layouts/application (3.0ms)
Completed 200 OK in 121ms (Views: 97.2ms | ActiveRecord: 1.0ms)


Started GET "/books/new" for 127.0.0.1 at 2019-05-21 18:48:11 +0900
Processing by BooksController#new as HTML
  Rendering books/new.html.erb within layouts/application
  Rendered books/_form.html.erb (31.9ms)
  Rendered books/new.html.erb within layouts/application (54.8ms)
Completed 200 OK in 201ms (Views: 152.5ms | ActiveRecord: 2.0ms)


Started POST "/books" for 127.0.0.1 at 2019-05-21 18:48:17 +0900
Processing by BooksController#create as HTML
  Parameters: {"utf8"=>"âœ“", "authenticity_token"=>"sJB0GOc4m4Rq+mGN9nkaZDFC6Mjhd5RlyCUXzGi+Sk+7TOF1GMq1N8k3aFjsPngoJeX7y1W7or5Dm9JgeE5FbQ==", "book"=>{"title"=>"ãƒ†ã‚¹ãƒˆ", "memo"=>"a", "picture"=>#<ActionDispatch::Http::UploadedFile:0x4086060 @tempfile=#<Tempfile:C:/Users/cocoa/AppData/Local/Temp/RackMultipart20190521-2628-9ii3pl.jpg>, @original_filename="background-blur-bright-220067.jpg", @content_type="image/jpeg", @headers="Content-Disposition: form-data; name=\"book[picture]\"; filename=\"background-blur-bright-220067.jpg\"\r\nContent-Type: image/jpeg\r\n">}, "commit"=>"Create Book"}
Completed 500 Internal Server Error in 2ms (ActiveRecord: 0.0ms)


  
ArgumentError (string contains null byte):
  
app/controllers/books_controller.rb:32:in `create'
Started GET "/" for ::1 at 2019-05-21 18:51:53 +0900
  [1m[35m (1.0ms)[0m  [1m[34mSELECT "schema_migrations"."version" FROM "schema_migrations" ORDER BY "schema_migrations"."version" ASC[0m
Processing by BooksController#index as HTML
  Rendering books/index.html.erb within layouts/application
  [1m[36mBook Load (0.0ms)[0m  [1m[34mSELECT "books".* FROM "books"[0m
  Rendered books/index.html.erb within layouts/application (4.0ms)
Completed 200 OK in 302ms (Views: 263.6ms | ActiveRecord: 0.0ms)


Started GET "/books/new" for ::1 at 2019-05-21 18:52:10 +0900
Processing by BooksController#new as HTML
  Rendering books/new.html.erb within layouts/application
  Rendered books/_form.html.erb (29.9ms)
  Rendered books/new.html.erb within layouts/application (58.8ms)
Completed 200 OK in 193ms (Views: 162.9ms | ActiveRecord: 0.0ms)


Started POST "/books" for ::1 at 2019-05-21 18:52:16 +0900
Processing by BooksController#create as HTML
  Parameters: {"utf8"=>"âœ“", "authenticity_token"=>"4zmJzptmEqz7VxEWPa3CiR8Yg4CeeUo4otQMPNrExATo5RyjZJQ8H1iaGMMn6qDFC7+Qgyq1fOMpasmQyjTLJg==", "book"=>{"title"=>"ãƒ†ã‚¹ãƒˆ", "memo"=>"a", "picture"=>#<ActionDispatch::Http::UploadedFile:0x71982a8 @tempfile=#<Tempfile:C:/Users/cocoa/AppData/Local/Temp/RackMultipart20190521-3224-44qncl.jpg>, @original_filename="background-blur-bright-220067.jpg", @content_type="image/jpeg", @headers="Content-Disposition: form-data; name=\"book[picture]\"; filename=\"background-blur-bright-220067.jpg\"\r\nContent-Type: image/jpeg\r\n">}, "commit"=>"Create Book"}
Completed 500 Internal Server Error in 2ms (ActiveRecord: 0.0ms)


  
ArgumentError (string contains null byte):
  
app/controllers/books_controller.rb:32:in `create'
Started GET "/" for ::1 at 2019-05-21 18:56:15 +0900
  [1m[35m (0.0ms)[0m  [1m[34mSELECT "schema_migrations"."version" FROM "schema_migrations" ORDER BY "schema_migrations"."version" ASC[0m
Processing by BooksController#index as HTML
  Rendering books/index.html.erb within layouts/application
  [1m[36mBook Load (0.0ms)[0m  [1m[34mSELECT "books".* FROM "books"[0m
  Rendered books/index.html.erb within layouts/application (5.0ms)
Completed 200 OK in 303ms (Views: 268.2ms | ActiveRecord: 0.0ms)


Started GET "/" for ::1 at 2019-05-21 18:56:27 +0900
Processing by BooksController#index as HTML
  Rendering books/index.html.erb within layouts/application
  [1m[36mBook Load (0.0ms)[0m  [1m[34mSELECT "books".* FROM "books"[0m
  Rendered books/index.html.erb within layouts/application (3.0ms)
Completed 200 OK in 128ms (Views: 99.9ms | ActiveRecord: 1.0ms)


Started GET "/books/new" for ::1 at 2019-05-21 18:56:28 +0900
Processing by BooksController#new as HTML
  Rendering books/new.html.erb within layouts/application
  Rendered books/_form.html.erb (22.9ms)
  Rendered books/new.html.erb within layouts/application (41.9ms)
Completed 200 OK in 191ms (Views: 139.1ms | ActiveRecord: 1.0ms)


Started POST "/books" for ::1 at 2019-05-21 18:56:34 +0900
Processing by BooksController#create as HTML
  Parameters: {"utf8"=>"âœ“", "authenticity_token"=>"3BE4M2+YXAoePRXIU6Zxwzvor+XNAduGCPDOk+MqokLXza1ekGpyub3wHB1J4ROPL0+85nnN7V2DTgs/89qtYA==", "book"=>{"title"=>"ãƒ†ã‚¹ãƒˆ", "memo"=>"a", "picture"=>#<ActionDispatch::Http::UploadedFile:0x4632978 @tempfile=#<Tempfile:C:/Users/cocoa/AppData/Local/Temp/RackMultipart20190521-17276-18k6052.jpg>, @original_filename="background-blur-bright-220067.jpg", @content_type="image/jpeg", @headers="Content-Disposition: form-data; name=\"book[picture]\"; filename=\"background-blur-bright-220067.jpg\"\r\nContent-Type: image/jpeg\r\n">}, "commit"=>"Create Book"}
Completed 500 Internal Server Error in 1ms (ActiveRecord: 0.0ms)


  
ArgumentError (string contains null byte):
  
app/controllers/books_controller.rb:32:in `create'
Started POST "/books" for ::1 at 2019-05-21 19:00:35 +0900
  [1m[35m (0.0ms)[0m  [1m[34mSELECT "schema_migrations"."version" FROM "schema_migrations" ORDER BY "schema_migrations"."version" ASC[0m
Processing by BooksController#create as HTML
  Parameters: {"utf8"=>"âœ“", "authenticity_token"=>"3BE4M2+YXAoePRXIU6Zxwzvor+XNAduGCPDOk+MqokLXza1ekGpyub3wHB1J4ROPL0+85nnN7V2DTgs/89qtYA==", "book"=>{"title"=>"ãƒ†ã‚¹ãƒˆ", "memo"=>"a", "picture"=>#<ActionDispatch::Http::UploadedFile:0x90db528 @tempfile=#<Tempfile:C:/Users/cocoa/AppData/Local/Temp/RackMultipart20190521-19888-13rfhvm.jpg>, @original_filename="background-blur-bright-220067.jpg", @content_type="image/jpeg", @headers="Content-Disposition: form-data; name=\"book[picture]\"; filename=\"background-blur-bright-220067.jpg\"\r\nContent-Type: image/jpeg\r\n">}, "commit"=>"Create Book"}
  [1m[35m (0.0ms)[0m  [1m[36mbegin transaction[0m
  [1m[35mSQL (5.0ms)[0m  [1m[32mINSERT INTO "books" ("title", "memo", "created_at", "updated_at", "picture") VALUES (?, ?, ?, ?, ?)[0m  [["title", "ãƒ†ã‚¹ãƒˆ"], ["memo", "a"], ["created_at", "2019-05-21 10:00:35.902208"], ["updated_at", "2019-05-21 10:00:35.902208"], ["picture", "background-blur-bright-220067.jpg"]]
  [1m[35m (8.0ms)[0m  [1m[36mcommit transaction[0m
Redirected to http://localhost:3000/books/7
Completed 302 Found in 65ms (ActiveRecord: 15.0ms)


Started GET "/books/7" for ::1 at 2019-05-21 19:00:45 +0900
Processing by BooksController#show as HTML
  Parameters: {"id"=>"7"}
  [1m[36mBook Load (0.0ms)[0m  [1m[34mSELECT  "books".* FROM "books" WHERE "books"."id" = ? LIMIT ?[0m  [["id", 7], ["LIMIT", 1]]
  Rendering books/show.html.erb within layouts/application
  Rendered books/show.html.erb within layouts/application (3.0ms)
Completed 200 OK in 300ms (Views: 264.8ms | ActiveRecord: 0.0ms)


Started GET "/books" for ::1 at 2019-05-21 19:00:49 +0900
Processing by BooksController#index as HTML
  Rendering books/index.html.erb within layouts/application
  [1m[36mBook Load (1.0ms)[0m  [1m[34mSELECT "books".* FROM "books"[0m
  Rendered books/index.html.erb within layouts/application (24.9ms)
Completed 500 Internal Server Error in 108ms (ActiveRecord: 1.0ms)


  
ActionView::Template::Error (undefined method `picture' for nil:NilClass):
    17:       <tr>
    18:         <td><%= book.title %></td>
    19:         <td><%= book.memo %></td>
    20:         <td><%= image_tag(@book.picture_url) if @book.picture.present? %></td>
    21:         <td><%= link_to 'Show', book %></td>
    22:         <td><%= link_to 'Edit', edit_book_path(book) %></td>
    23:         <td><%= link_to 'Destroy', book, method: :delete, data: { confirm: 'Are you sure?' } %></td>
  
app/views/books/index.html.erb:20:in `block in _app_views_books_index_html_erb__944977067_47666532'
app/views/books/index.html.erb:16:in `_app_views_books_index_html_erb__944977067_47666532'
Started GET "/" for 127.0.0.1 at 2019-05-21 19:03:08 +0900
  [1m[35m (0.0ms)[0m  [1m[34mSELECT "schema_migrations"."version" FROM "schema_migrations" ORDER BY "schema_migrations"."version" ASC[0m
Processing by BooksController#index as HTML
  Rendering books/index.html.erb within layouts/application
  [1m[36mBook Load (0.0ms)[0m  [1m[34mSELECT "books".* FROM "books"[0m
  Rendered books/index.html.erb within layouts/application (36.9ms)
Completed 500 Internal Server Error in 145ms (ActiveRecord: 0.0ms)


  
ActionView::Template::Error (undefined method `picture_url' for nil:NilClass):
    17:       <tr>
    18:         <td><%= book.title %></td>
    19:         <td><%= book.memo %></td>
    20:         <td><%= image_tag(@book.picture_url)%></td>
    21:         <td><%= link_to 'Show', book %></td>
    22:         <td><%= link_to 'Edit', edit_book_path(book) %></td>
    23:         <td><%= link_to 'Destroy', book, method: :delete, data: { confirm: 'Are you sure?' } %></td>
  
app/views/books/index.html.erb:20:in `block in _app_views_books_index_html_erb__701578329_61623192'
app/views/books/index.html.erb:16:in `_app_views_books_index_html_erb__701578329_61623192'
Started GET "/" for ::1 at 2019-05-21 19:03:46 +0900
  [1m[35m (0.0ms)[0m  [1m[34mSELECT "schema_migrations"."version" FROM "schema_migrations" ORDER BY "schema_migrations"."version" ASC[0m
Processing by BooksController#index as HTML
  Rendering books/index.html.erb within layouts/application
  [1m[36mBook Load (0.0ms)[0m  [1m[34mSELECT "books".* FROM "books"[0m
  Rendered books/index.html.erb within layouts/application (16.0ms)
Completed 200 OK in 329ms (Views: 283.9ms | ActiveRecord: 0.0ms)


Started GET "/books/new" for ::1 at 2019-05-21 19:04:10 +0900
Processing by BooksController#new as HTML
  Rendering books/new.html.erb within layouts/application
  Rendered books/_form.html.erb (22.9ms)
  Rendered books/new.html.erb within layouts/application (54.8ms)
Completed 200 OK in 190ms (Views: 168.3ms | ActiveRecord: 0.0ms)


Started GET "/books/new" for ::1 at 2019-05-21 19:04:21 +0900
Processing by BooksController#new as HTML
  Rendering books/new.html.erb within layouts/application
  Rendered books/_form.html.erb (3.0ms)
  Rendered books/new.html.erb within layouts/application (21.9ms)
Completed 200 OK in 142ms (Views: 118.4ms | ActiveRecord: 0.0ms)


Started POST "/books" for ::1 at 2019-05-21 19:04:29 +0900
Processing by BooksController#create as HTML
  Parameters: {"utf8"=>"âœ“", "authenticity_token"=>"IlHNhRNo7rSMMs8/vv4aiOwYshq0X/FW9dBqR8JVg1MpjVjo7JrABy//xuqkuXjE+L+hGQCTx41+bq/r0qWMcQ==", "book"=>{"title"=>"", "memo"=>"", "picture"=>#<ActionDispatch::Http::UploadedFile:0x4440b88 @tempfile=#<Tempfile:C:/Users/cocoa/AppData/Local/Temp/RackMultipart20190521-9152-4qcs1q.png>, @original_filename="D1nqmjbV4AEiCT9-removebg.png", @content_type="image/png", @headers="Content-Disposition: form-data; name=\"book[picture]\"; filename=\"D1nqmjbV4AEiCT9-removebg.png\"\r\nContent-Type: image/png\r\n">}, "commit"=>"Create Book"}
  [1m[35m (0.0ms)[0m  [1m[36mbegin transaction[0m
  [1m[35mSQL (5.0ms)[0m  [1m[32mINSERT INTO "books" ("title", "memo", "created_at", "updated_at", "picture") VALUES (?, ?, ?, ?, ?)[0m  [["title", ""], ["memo", ""], ["created_at", "2019-05-21 10:04:29.318424"], ["updated_at", "2019-05-21 10:04:29.318424"], ["picture", "D1nqmjbV4AEiCT9-removebg.png"]]
  [1m[35m (9.0ms)[0m  [1m[36mcommit transaction[0m
Redirected to http://localhost:3000/books/8
Completed 302 Found in 40ms (ActiveRecord: 14.0ms)


Started GET "/books/8" for ::1 at 2019-05-21 19:04:29 +0900
Processing by BooksController#show as HTML
  Parameters: {"id"=>"8"}
  [1m[36mBook Load (0.0ms)[0m  [1m[34mSELECT  "books".* FROM "books" WHERE "books"."id" = ? LIMIT ?[0m  [["id", 8], ["LIMIT", 1]]
  Rendering books/show.html.erb within layouts/application
  Rendered books/show.html.erb within layouts/application (3.0ms)
Completed 200 OK in 147ms (Views: 115.5ms | ActiveRecord: 0.0ms)


Started GET "/books" for ::1 at 2019-05-21 19:04:31 +0900
Processing by BooksController#index as HTML
  Rendering books/index.html.erb within layouts/application
  [1m[36mBook Load (0.0ms)[0m  [1m[34mSELECT "books".* FROM "books"[0m
  Rendered books/index.html.erb within layouts/application (4.0ms)
Completed 200 OK in 124ms (Views: 102.7ms | ActiveRecord: 0.0ms)


Started GET "/" for ::1 at 2019-05-31 17:29:15 +0900
  [1m[35m (1.0ms)[0m  [1m[34mSELECT "schema_migrations"."version" FROM "schema_migrations" ORDER BY "schema_migrations"."version" ASC[0m
Processing by BooksController#index as HTML
  Rendering books/index.html.erb within layouts/application
  [1m[36mBook Load (0.0ms)[0m  [1m[34mSELECT "books".* FROM "books"[0m
  Rendered books/index.html.erb within layouts/application (22.9ms)
Completed 200 OK in 700ms (Views: 632.9ms | ActiveRecord: 2.0ms)


Started GET "/books/8" for ::1 at 2019-05-31 17:29:53 +0900
Processing by BooksController#show as HTML
  Parameters: {"id"=>"8"}
  [1m[36mBook Load (1.0ms)[0m  [1m[34mSELECT  "books".* FROM "books" WHERE "books"."id" = ? LIMIT ?[0m  [["id", 8], ["LIMIT", 1]]
  Rendering books/show.html.erb within layouts/application
  Rendered books/show.html.erb within layouts/application (2.0ms)
Completed 200 OK in 131ms (Views: 82.0ms | ActiveRecord: 1.0ms)


